<?xml version="1.0" encoding="UTF-8"?>
<!-- Generated by org.testng.reporters.JUnitXMLReporter -->
<testsuite ignored="0" hostname="DESKTOP-B7ASSS1" failures="0" tests="6" name="Default test" time="0.229" errors="0" timestamp="2024-02-01T23:41:00 IST">
  <testcase classname="Assersion.AssertExample" name="m1" time="0.022"/>
  <testcase classname="Assersion.AssertExample" name="m2" time="0.01"/>
  <testcase classname="Assersion.AssertExample" name="m3" time="0.008"/>
  <testcase classname="Assersion.AssertExample" name="m5" time="0.004"/>
  <testcase classname="Assersion.AssertExample" name="m7" time="0.013"/>
  <testcase classname="Assersion.AssertExample" name="m8" time="0.004"/>
</testsuite> <!-- Default test -->
