<?xml version="1.0" encoding="UTF-8"?>
<!-- Generated by org.testng.reporters.JUnitXMLReporter -->
<testsuite ignored="5" hostname="DESKTOP-B7ASSS1" failures="0" tests="2" name="Test" time="0.284" errors="0" timestamp="2024-02-01T14:55:25 IST">
  <testcase classname="Grouping.C" name="R1" time="0.051"/>
  <testcase classname="Grouping.B" name="Q2" time="0.016"/>
  <testcase classname="Grouping.A" name="varifyLogin" time="0.0">
    <ignored/>
  </testcase> <!-- varifyLogin -->
  <testcase classname="Grouping.C" name="R2" time="0.0">
    <ignored/>
  </testcase> <!-- R2 -->
  <testcase classname="Grouping.B" name="Q1" time="0.0">
    <ignored/>
  </testcase> <!-- Q1 -->
  <testcase classname="Grouping.A" name="getUrl" time="0.0">
    <ignored/>
  </testcase> <!-- getUrl -->
  <testcase classname="Grouping.A" name="launchBrowser" time="0.0">
    <ignored/>
  </testcase> <!-- launchBrowser -->
</testsuite> <!-- Test -->
