<?xml version="1.0" encoding="UTF-8"?>
<testng-results ignored="0" total="6" passed="6" failed="0" skipped="0">
  <reporter-output>
  </reporter-output>
  <suite started-at="2024-02-01T23:40:59 IST" name="Default suite" finished-at="2024-02-01T23:40:59 IST" duration-ms="229">
    <groups>
    </groups>
    <test started-at="2024-02-01T23:40:59 IST" name="Default test" finished-at="2024-02-01T23:40:59 IST" duration-ms="229">
      <class name="Assersion.AssertExample">
        <test-method signature="m1()[pri:0, instance:Assersion.AssertExample@5be6e01c]" started-at="2024-02-01T23:40:59 IST" name="m1" finished-at="2024-02-01T23:40:59 IST" duration-ms="22" status="PASS">
          <reporter-output>
          </reporter-output>
        </test-method> <!-- m1 -->
        <test-method signature="m2()[pri:0, instance:Assersion.AssertExample@5be6e01c]" started-at="2024-02-01T23:40:59 IST" name="m2" finished-at="2024-02-01T23:40:59 IST" duration-ms="10" status="PASS">
          <reporter-output>
          </reporter-output>
        </test-method> <!-- m2 -->
        <test-method signature="m3()[pri:0, instance:Assersion.AssertExample@5be6e01c]" started-at="2024-02-01T23:40:59 IST" name="m3" finished-at="2024-02-01T23:40:59 IST" duration-ms="8" status="PASS">
          <reporter-output>
          </reporter-output>
        </test-method> <!-- m3 -->
        <test-method signature="m5()[pri:0, instance:Assersion.AssertExample@5be6e01c]" started-at="2024-02-01T23:40:59 IST" name="m5" finished-at="2024-02-01T23:40:59 IST" duration-ms="4" status="PASS">
          <reporter-output>
          </reporter-output>
        </test-method> <!-- m5 -->
        <test-method signature="m7()[pri:0, instance:Assersion.AssertExample@5be6e01c]" started-at="2024-02-01T23:40:59 IST" name="m7" finished-at="2024-02-01T23:40:59 IST" duration-ms="13" status="PASS">
          <reporter-output>
          </reporter-output>
        </test-method> <!-- m7 -->
        <test-method signature="m8()[pri:0, instance:Assersion.AssertExample@5be6e01c]" started-at="2024-02-01T23:40:59 IST" name="m8" finished-at="2024-02-01T23:40:59 IST" duration-ms="4" status="PASS">
          <reporter-output>
          </reporter-output>
        </test-method> <!-- m8 -->
      </class> <!-- Assersion.AssertExample -->
    </test> <!-- Default test -->
  </suite> <!-- Default suite -->
</testng-results>
